<?xml version="1.0" encoding="UTF-8"?>
<testng-results skipped="0" failed="0" ignored="0" total="1" passed="1">
  <reporter-output>
  </reporter-output>
  <suite name="Suite" duration-ms="49392" started-at="2019-09-18T03:13:51Z" finished-at="2019-09-18T03:14:40Z">
    <groups>
    </groups>
    <test name="Test" duration-ms="49392" started-at="2019-09-18T03:13:51Z" finished-at="2019-09-18T03:14:40Z">
      <class name="seleniumtest.Sample">
        <test-method status="PASS" signature="launchbrowser()[pri:0, instance:seleniumtest.Sample@4ec6a292]" name="launchbrowser" duration-ms="49345" started-at="2019-09-18T08:43:51Z" finished-at="2019-09-18T08:44:40Z">
          <reporter-output>
          </reporter-output>
        </test-method> <!-- launchbrowser -->
      </class> <!-- seleniumtest.Sample -->
    </test> <!-- Test -->
  </suite> <!-- Suite -->
</testng-results>
